{"devicePlatform":"","logFolder":"C:\\Users\\ishmael\\Desktop\\GESHome\\Reports\\TS-Login\\TS-VerifyLogin\\20180109_171635","runData":{"hostName":"ishmael - sheban","os":"Windows 8.1 64bit","katalonVersion":"5.2.0.1","browser":"Chrome 63.0.3239.132","hostAddress":"10.0.2.15","sessionId":"3bb423d25da4a3b95b61795c5285112d","seleniumVersion":"3.7.1","proxyInformation":"ProxyInformation{proxyOption\u003dNO_PROXY, proxyServerType\u003dHTTP, password\u003d, proxyServerAddress\u003d, proxyServerPort\u003d0}","platform":"Windows 8.1"},"type":"TEST_SUITE","name":"TS-VerifyLogin","id":"Test Suites/TS-Login/TS-VerifyLogin","source":"","message":"Test Cases/Header menu/Login/VT-Login/VT-VerifyLogin FAILED because (of) groovy.lang.MissingMethodException: No signature of method: static com.kms.katalon.core.webui.keyword.WebUiBuiltInKeywords.navigateToUrl() is applicable for argument types: (java.lang.Class) values: [class java.net.URL]\nPossible solutions: navigateToUrl(java.lang.String), navigateToUrl(java.lang.String, com.kms.katalon.core.model.FailureHandling)","description":"","startTime":1515507402434,"endTime":1515507422471,"childRecords":[{"isOptional":false,"type":"TEST_CASE","name":"Test Cases/Header menu/Login/VT-Login/VT-VerifyLogin","id":"Test Cases/Header menu/Login/VT-Login/VT-VerifyLogin","source":"C:\\\\Users\\\\ishmael\\\\Desktop\\\\GESHomeTest Cases\\\\Header menu\\\\Login\\\\VT-Login\\\\VT-VerifyLogin.tc","message":"Test Cases/Header menu/Login/VT-Login/VT-VerifyLogin FAILED because (of) groovy.lang.MissingMethodException: No signature of method: static com.kms.katalon.core.webui.keyword.WebUiBuiltInKeywords.navigateToUrl() is applicable for argument types: (java.lang.Class) values: [class java.net.URL]\nPossible solutions: navigateToUrl(java.lang.String), navigateToUrl(java.lang.String, com.kms.katalon.core.model.FailureHandling)","description":"","startTime":1515507404707,"endTime":1515507421278,"childRecords":[{"testStatus":{"stackTrace":"","statusValue":"INFO"},"type":"MESSAGE","name":"","message":"Evaluating variables for test case","startTime":1515507406273,"endTime":0,"childRecords":[],"interuppted":false},{"testStatus":{"stackTrace":"","statusValue":"INFO"},"type":"MESSAGE","name":"","message":"Variable \u0027URL\u0027 is set to http://dcpenterprisesystem-qa.com/","startTime":1515507406286,"endTime":0,"childRecords":[],"interuppted":false},{"testStatus":{"stackTrace":"","statusValue":"INFO"},"type":"MESSAGE","name":"","message":"Variable \u0027Email\u0027 is set to admin@qa.com","startTime":1515507406289,"endTime":0,"childRecords":[],"interuppted":false},{"testStatus":{"stackTrace":"","statusValue":"INFO"},"type":"MESSAGE","name":"","message":"Variable \u0027Password\u0027 is set to Test925","startTime":1515507406335,"endTime":0,"childRecords":[],"interuppted":false},{"index":1,"isIgnoredIfFailed":false,"type":"TEST_STEP","name":"openBrowser","message":"Browser is opened with url: \u0027\u0027","description":"","startTime":1515507408887,"endTime":1515507417641,"childRecords":[{"testStatus":{"stackTrace":"","statusValue":"PASSED"},"type":"MESSAGE","name":"","message":"Browser is opened with url: \u0027\u0027","startTime":1515507417641,"endTime":0,"childRecords":[],"interuppted":false}],"interuppted":false},{"index":2,"isIgnoredIfFailed":false,"type":"TEST_STEP","name":"delay","message":"Delayed 2 second(s)","description":"","startTime":1515507417641,"endTime":1515507419689,"childRecords":[{"testStatus":{"stackTrace":"","statusValue":"PASSED"},"type":"MESSAGE","name":"","message":"Delayed 2 second(s)","startTime":1515507419685,"endTime":0,"childRecords":[],"interuppted":false}],"interuppted":false},{"index":3,"isIgnoredIfFailed":false,"type":"TEST_STEP","name":"maximizeWindow","message":"Current window maximized","description":"","startTime":1515507419703,"endTime":1515507421052,"childRecords":[{"testStatus":{"stackTrace":"","statusValue":"PASSED"},"type":"MESSAGE","name":"","message":"Current window maximized","startTime":1515507421051,"endTime":0,"childRecords":[],"interuppted":false}],"interuppted":false},{"index":4,"isIgnoredIfFailed":false,"type":"TEST_STEP","name":"navigateToUrl","description":"","startTime":1515507421053,"endTime":1515507421056,"childRecords":[],"interuppted":false},{"testStatus":{"stackTrace":"","statusValue":"ERROR"},"type":"MESSAGE","name":"","message":"Test Cases/Header menu/Login/VT-Login/VT-VerifyLogin FAILED because (of) groovy.lang.MissingMethodException: No signature of method: static com.kms.katalon.core.webui.keyword.WebUiBuiltInKeywords.navigateToUrl() is applicable for argument types: (java.lang.Class) values: [class java.net.URL]\nPossible solutions: navigateToUrl(java.lang.String), navigateToUrl(java.lang.String, com.kms.katalon.core.model.FailureHandling)","startTime":1515507421263,"endTime":0,"childRecords":[],"interuppted":false}],"interuppted":false}],"interuppted":false}